

Started GET "/" for ::1 at 2017-02-23 14:12:38 -0800
Processing by RecipesController#index as HTML
Completed 500 Internal Server Error in 20ms (ActiveRecord: 0.0ms)

NameError (uninitialized constant Recipe::HTTParty):
  app/models/recipe.rb:2:in `<class:Recipe>'
  app/models/recipe.rb:1:in `<top (required)>'
  app/controllers/recipes_controller.rb:4:in `index'


  Rendered /Users/top/.rbenv/versions/2.2.3/lib/ruby/gems/2.2.0/gems/actionpack-4.2.6/lib/action_dispatch/middleware/templates/rescues/_source.erb (4.3ms)
  Rendered /Users/top/.rbenv/versions/2.2.3/lib/ruby/gems/2.2.0/gems/actionpack-4.2.6/lib/action_dispatch/middleware/templates/rescues/_trace.html.erb (1.9ms)
  Rendered /Users/top/.rbenv/versions/2.2.3/lib/ruby/gems/2.2.0/gems/actionpack-4.2.6/lib/action_dispatch/middleware/templates/rescues/_request_and_response.html.erb (0.9ms)
  Rendered /Users/top/.rbenv/versions/2.2.3/lib/ruby/gems/2.2.0/gems/actionpack-4.2.6/lib/action_dispatch/middleware/templates/rescues/diagnostics.html.erb within rescues/layout (102.5ms)
  Rendered /Users/top/.rbenv/versions/2.2.3/lib/ruby/gems/2.2.0/gems/web-console-2.3.0/lib/web_console/templates/_markup.html.erb (0.5ms)
  Rendered /Users/top/.rbenv/versions/2.2.3/lib/ruby/gems/2.2.0/gems/web-console-2.3.0/lib/web_console/templates/_inner_console_markup.html.erb within layouts/inlined_string (0.4ms)
  Rendered /Users/top/.rbenv/versions/2.2.3/lib/ruby/gems/2.2.0/gems/web-console-2.3.0/lib/web_console/templates/_prompt_box_markup.html.erb within layouts/inlined_string (0.5ms)
  Rendered /Users/top/.rbenv/versions/2.2.3/lib/ruby/gems/2.2.0/gems/web-console-2.3.0/lib/web_console/templates/style.css.erb within layouts/inlined_string (0.4ms)
  Rendered /Users/top/.rbenv/versions/2.2.3/lib/ruby/gems/2.2.0/gems/web-console-2.3.0/lib/web_console/templates/console.js.erb within layouts/javascript (173.9ms)
  Rendered /Users/top/.rbenv/versions/2.2.3/lib/ruby/gems/2.2.0/gems/web-console-2.3.0/lib/web_console/templates/main.js.erb within layouts/javascript (0.4ms)
  Rendered /Users/top/.rbenv/versions/2.2.3/lib/ruby/gems/2.2.0/gems/web-console-2.3.0/lib/web_console/templates/error_page.js.erb within layouts/javascript (0.4ms)
  Rendered /Users/top/.rbenv/versions/2.2.3/lib/ruby/gems/2.2.0/gems/web-console-2.3.0/lib/web_console/templates/index.html.erb (339.1ms)


Started GET "/" for ::1 at 2017-02-23 14:23:42 -0800
Processing by RecipesController#index as HTML
Completed 500 Internal Server Error in 13ms (ActiveRecord: 0.0ms)

NameError (uninitialized constant Recipe::HTTParty):
  app/models/recipe.rb:2:in `<class:Recipe>'
  app/models/recipe.rb:1:in `<top (required)>'
  app/controllers/recipes_controller.rb:4:in `index'


  Rendered /Users/top/.rbenv/versions/2.2.3/lib/ruby/gems/2.2.0/gems/actionpack-4.2.6/lib/action_dispatch/middleware/templates/rescues/_source.erb (4.5ms)
  Rendered /Users/top/.rbenv/versions/2.2.3/lib/ruby/gems/2.2.0/gems/actionpack-4.2.6/lib/action_dispatch/middleware/templates/rescues/_trace.html.erb (2.0ms)
  Rendered /Users/top/.rbenv/versions/2.2.3/lib/ruby/gems/2.2.0/gems/actionpack-4.2.6/lib/action_dispatch/middleware/templates/rescues/_request_and_response.html.erb (0.9ms)
  Rendered /Users/top/.rbenv/versions/2.2.3/lib/ruby/gems/2.2.0/gems/actionpack-4.2.6/lib/action_dispatch/middleware/templates/rescues/diagnostics.html.erb within rescues/layout (74.3ms)
  Rendered /Users/top/.rbenv/versions/2.2.3/lib/ruby/gems/2.2.0/gems/web-console-2.3.0/lib/web_console/templates/_markup.html.erb (0.5ms)
  Rendered /Users/top/.rbenv/versions/2.2.3/lib/ruby/gems/2.2.0/gems/web-console-2.3.0/lib/web_console/templates/_inner_console_markup.html.erb within layouts/inlined_string (0.3ms)
  Rendered /Users/top/.rbenv/versions/2.2.3/lib/ruby/gems/2.2.0/gems/web-console-2.3.0/lib/web_console/templates/_prompt_box_markup.html.erb within layouts/inlined_string (0.4ms)
  Rendered /Users/top/.rbenv/versions/2.2.3/lib/ruby/gems/2.2.0/gems/web-console-2.3.0/lib/web_console/templates/style.css.erb within layouts/inlined_string (0.4ms)
  Rendered /Users/top/.rbenv/versions/2.2.3/lib/ruby/gems/2.2.0/gems/web-console-2.3.0/lib/web_console/templates/console.js.erb within layouts/javascript (101.8ms)
  Rendered /Users/top/.rbenv/versions/2.2.3/lib/ruby/gems/2.2.0/gems/web-console-2.3.0/lib/web_console/templates/main.js.erb within layouts/javascript (0.4ms)
  Rendered /Users/top/.rbenv/versions/2.2.3/lib/ruby/gems/2.2.0/gems/web-console-2.3.0/lib/web_console/templates/error_page.js.erb within layouts/javascript (0.5ms)
  Rendered /Users/top/.rbenv/versions/2.2.3/lib/ruby/gems/2.2.0/gems/web-console-2.3.0/lib/web_console/templates/index.html.erb (206.2ms)


Started GET "/" for ::1 at 2017-02-23 14:31:45 -0800
Processing by RecipesController#index as HTML
Completed 500 Internal Server Error in 3ms (ActiveRecord: 0.0ms)

NameError (uninitialized constant Recipe::HTTParty):
  app/models/recipe.rb:2:in `<class:Recipe>'
  app/models/recipe.rb:1:in `<top (required)>'
  app/controllers/recipes_controller.rb:4:in `index'


  Rendered /Users/top/.rbenv/versions/2.2.3/lib/ruby/gems/2.2.0/gems/actionpack-4.2.6/lib/action_dispatch/middleware/templates/rescues/_source.erb (4.1ms)
  Rendered /Users/top/.rbenv/versions/2.2.3/lib/ruby/gems/2.2.0/gems/actionpack-4.2.6/lib/action_dispatch/middleware/templates/rescues/_trace.html.erb (1.9ms)
  Rendered /Users/top/.rbenv/versions/2.2.3/lib/ruby/gems/2.2.0/gems/actionpack-4.2.6/lib/action_dispatch/middleware/templates/rescues/_request_and_response.html.erb (0.8ms)
  Rendered /Users/top/.rbenv/versions/2.2.3/lib/ruby/gems/2.2.0/gems/actionpack-4.2.6/lib/action_dispatch/middleware/templates/rescues/diagnostics.html.erb within rescues/layout (63.7ms)
  Rendered /Users/top/.rbenv/versions/2.2.3/lib/ruby/gems/2.2.0/gems/web-console-2.3.0/lib/web_console/templates/_markup.html.erb (0.4ms)
  Rendered /Users/top/.rbenv/versions/2.2.3/lib/ruby/gems/2.2.0/gems/web-console-2.3.0/lib/web_console/templates/_inner_console_markup.html.erb within layouts/inlined_string (0.3ms)
  Rendered /Users/top/.rbenv/versions/2.2.3/lib/ruby/gems/2.2.0/gems/web-console-2.3.0/lib/web_console/templates/_prompt_box_markup.html.erb within layouts/inlined_string (0.3ms)
  Rendered /Users/top/.rbenv/versions/2.2.3/lib/ruby/gems/2.2.0/gems/web-console-2.3.0/lib/web_console/templates/style.css.erb within layouts/inlined_string (0.3ms)
  Rendered /Users/top/.rbenv/versions/2.2.3/lib/ruby/gems/2.2.0/gems/web-console-2.3.0/lib/web_console/templates/console.js.erb within layouts/javascript (55.9ms)
  Rendered /Users/top/.rbenv/versions/2.2.3/lib/ruby/gems/2.2.0/gems/web-console-2.3.0/lib/web_console/templates/main.js.erb within layouts/javascript (0.3ms)
  Rendered /Users/top/.rbenv/versions/2.2.3/lib/ruby/gems/2.2.0/gems/web-console-2.3.0/lib/web_console/templates/error_page.js.erb within layouts/javascript (0.3ms)
  Rendered /Users/top/.rbenv/versions/2.2.3/lib/ruby/gems/2.2.0/gems/web-console-2.3.0/lib/web_console/templates/index.html.erb (128.3ms)


Started GET "/" for ::1 at 2017-02-23 14:33:32 -0800
Processing by RecipesController#index as HTML
Completed 500 Internal Server Error in 18ms (ActiveRecord: 0.0ms)

LoadError (cannot load such file -- httparty):
  app/models/recipe.rb:1:in `<top (required)>'
  app/controllers/recipes_controller.rb:4:in `index'


  Rendered /Users/top/.rbenv/versions/2.2.3/lib/ruby/gems/2.2.0/gems/actionpack-4.2.6/lib/action_dispatch/middleware/templates/rescues/_source.erb (4.8ms)
  Rendered /Users/top/.rbenv/versions/2.2.3/lib/ruby/gems/2.2.0/gems/actionpack-4.2.6/lib/action_dispatch/middleware/templates/rescues/_trace.html.erb (2.0ms)
  Rendered /Users/top/.rbenv/versions/2.2.3/lib/ruby/gems/2.2.0/gems/actionpack-4.2.6/lib/action_dispatch/middleware/templates/rescues/_request_and_response.html.erb (0.8ms)
  Rendered /Users/top/.rbenv/versions/2.2.3/lib/ruby/gems/2.2.0/gems/actionpack-4.2.6/lib/action_dispatch/middleware/templates/rescues/diagnostics.html.erb within rescues/layout (65.1ms)
  Rendered /Users/top/.rbenv/versions/2.2.3/lib/ruby/gems/2.2.0/gems/web-console-2.3.0/lib/web_console/templates/_markup.html.erb (0.3ms)
  Rendered /Users/top/.rbenv/versions/2.2.3/lib/ruby/gems/2.2.0/gems/web-console-2.3.0/lib/web_console/templates/_inner_console_markup.html.erb within layouts/inlined_string (0.3ms)
  Rendered /Users/top/.rbenv/versions/2.2.3/lib/ruby/gems/2.2.0/gems/web-console-2.3.0/lib/web_console/templates/_prompt_box_markup.html.erb within layouts/inlined_string (0.3ms)
  Rendered /Users/top/.rbenv/versions/2.2.3/lib/ruby/gems/2.2.0/gems/web-console-2.3.0/lib/web_console/templates/style.css.erb within layouts/inlined_string (0.4ms)
  Rendered /Users/top/.rbenv/versions/2.2.3/lib/ruby/gems/2.2.0/gems/web-console-2.3.0/lib/web_console/templates/console.js.erb within layouts/javascript (63.5ms)
  Rendered /Users/top/.rbenv/versions/2.2.3/lib/ruby/gems/2.2.0/gems/web-console-2.3.0/lib/web_console/templates/main.js.erb within layouts/javascript (0.3ms)
  Rendered /Users/top/.rbenv/versions/2.2.3/lib/ruby/gems/2.2.0/gems/web-console-2.3.0/lib/web_console/templates/error_page.js.erb within layouts/javascript (0.4ms)
  Rendered /Users/top/.rbenv/versions/2.2.3/lib/ruby/gems/2.2.0/gems/web-console-2.3.0/lib/web_console/templates/index.html.erb (141.2ms)


Started GET "/" for ::1 at 2017-02-23 14:34:26 -0800
Processing by RecipesController#index as HTML
Completed 500 Internal Server Error in 3ms (ActiveRecord: 0.0ms)

NameError (uninitialized constant Recipe::HTTParty):
  app/models/recipe.rb:2:in `<class:Recipe>'
  app/models/recipe.rb:1:in `<top (required)>'
  app/controllers/recipes_controller.rb:4:in `index'


  Rendered /Users/top/.rbenv/versions/2.2.3/lib/ruby/gems/2.2.0/gems/actionpack-4.2.6/lib/action_dispatch/middleware/templates/rescues/_source.erb (4.3ms)
  Rendered /Users/top/.rbenv/versions/2.2.3/lib/ruby/gems/2.2.0/gems/actionpack-4.2.6/lib/action_dispatch/middleware/templates/rescues/_trace.html.erb (1.9ms)
  Rendered /Users/top/.rbenv/versions/2.2.3/lib/ruby/gems/2.2.0/gems/actionpack-4.2.6/lib/action_dispatch/middleware/templates/rescues/_request_and_response.html.erb (0.9ms)
  Rendered /Users/top/.rbenv/versions/2.2.3/lib/ruby/gems/2.2.0/gems/actionpack-4.2.6/lib/action_dispatch/middleware/templates/rescues/diagnostics.html.erb within rescues/layout (64.3ms)
  Rendered /Users/top/.rbenv/versions/2.2.3/lib/ruby/gems/2.2.0/gems/web-console-2.3.0/lib/web_console/templates/_markup.html.erb (0.4ms)
  Rendered /Users/top/.rbenv/versions/2.2.3/lib/ruby/gems/2.2.0/gems/web-console-2.3.0/lib/web_console/templates/_inner_console_markup.html.erb within layouts/inlined_string (0.3ms)
  Rendered /Users/top/.rbenv/versions/2.2.3/lib/ruby/gems/2.2.0/gems/web-console-2.3.0/lib/web_console/templates/_prompt_box_markup.html.erb within layouts/inlined_string (0.4ms)
  Rendered /Users/top/.rbenv/versions/2.2.3/lib/ruby/gems/2.2.0/gems/web-console-2.3.0/lib/web_console/templates/style.css.erb within layouts/inlined_string (0.4ms)
  Rendered /Users/top/.rbenv/versions/2.2.3/lib/ruby/gems/2.2.0/gems/web-console-2.3.0/lib/web_console/templates/console.js.erb within layouts/javascript (60.7ms)
  Rendered /Users/top/.rbenv/versions/2.2.3/lib/ruby/gems/2.2.0/gems/web-console-2.3.0/lib/web_console/templates/main.js.erb within layouts/javascript (0.3ms)
  Rendered /Users/top/.rbenv/versions/2.2.3/lib/ruby/gems/2.2.0/gems/web-console-2.3.0/lib/web_console/templates/error_page.js.erb within layouts/javascript (0.4ms)
  Rendered /Users/top/.rbenv/versions/2.2.3/lib/ruby/gems/2.2.0/gems/web-console-2.3.0/lib/web_console/templates/index.html.erb (138.5ms)


Started GET "/" for ::1 at 2017-02-23 14:37:00 -0800
Processing by RecipesController#index as HTML
Completed 500 Internal Server Error in 2ms (ActiveRecord: 0.0ms)

NameError (uninitialized constant Recipe::HTTParty):
  app/models/recipe.rb:2:in `<class:Recipe>'
  app/models/recipe.rb:1:in `<top (required)>'
  app/controllers/recipes_controller.rb:4:in `index'


  Rendered /Users/top/.rbenv/versions/2.2.3/lib/ruby/gems/2.2.0/gems/actionpack-4.2.6/lib/action_dispatch/middleware/templates/rescues/_source.erb (3.9ms)
  Rendered /Users/top/.rbenv/versions/2.2.3/lib/ruby/gems/2.2.0/gems/actionpack-4.2.6/lib/action_dispatch/middleware/templates/rescues/_trace.html.erb (1.7ms)
  Rendered /Users/top/.rbenv/versions/2.2.3/lib/ruby/gems/2.2.0/gems/actionpack-4.2.6/lib/action_dispatch/middleware/templates/rescues/_request_and_response.html.erb (0.9ms)
  Rendered /Users/top/.rbenv/versions/2.2.3/lib/ruby/gems/2.2.0/gems/actionpack-4.2.6/lib/action_dispatch/middleware/templates/rescues/diagnostics.html.erb within rescues/layout (62.0ms)
  Rendered /Users/top/.rbenv/versions/2.2.3/lib/ruby/gems/2.2.0/gems/web-console-2.3.0/lib/web_console/templates/_markup.html.erb (0.4ms)
  Rendered /Users/top/.rbenv/versions/2.2.3/lib/ruby/gems/2.2.0/gems/web-console-2.3.0/lib/web_console/templates/_inner_console_markup.html.erb within layouts/inlined_string (0.3ms)
  Rendered /Users/top/.rbenv/versions/2.2.3/lib/ruby/gems/2.2.0/gems/web-console-2.3.0/lib/web_console/templates/_prompt_box_markup.html.erb within layouts/inlined_string (0.3ms)
  Rendered /Users/top/.rbenv/versions/2.2.3/lib/ruby/gems/2.2.0/gems/web-console-2.3.0/lib/web_console/templates/style.css.erb within layouts/inlined_string (0.3ms)
  Rendered /Users/top/.rbenv/versions/2.2.3/lib/ruby/gems/2.2.0/gems/web-console-2.3.0/lib/web_console/templates/console.js.erb within layouts/javascript (56.0ms)
  Rendered /Users/top/.rbenv/versions/2.2.3/lib/ruby/gems/2.2.0/gems/web-console-2.3.0/lib/web_console/templates/main.js.erb within layouts/javascript (0.3ms)
  Rendered /Users/top/.rbenv/versions/2.2.3/lib/ruby/gems/2.2.0/gems/web-console-2.3.0/lib/web_console/templates/error_page.js.erb within layouts/javascript (0.5ms)
  Rendered /Users/top/.rbenv/versions/2.2.3/lib/ruby/gems/2.2.0/gems/web-console-2.3.0/lib/web_console/templates/index.html.erb (127.2ms)


Started GET "/" for ::1 at 2017-02-23 14:37:04 -0800
Processing by RecipesController#index as HTML
Completed 500 Internal Server Error in 2ms (ActiveRecord: 0.0ms)

NameError (uninitialized constant Recipe::HTTParty):
  app/models/recipe.rb:2:in `<class:Recipe>'
  app/models/recipe.rb:1:in `<top (required)>'
  app/controllers/recipes_controller.rb:4:in `index'


  Rendered /Users/top/.rbenv/versions/2.2.3/lib/ruby/gems/2.2.0/gems/actionpack-4.2.6/lib/action_dispatch/middleware/templates/rescues/_source.erb (4.1ms)
  Rendered /Users/top/.rbenv/versions/2.2.3/lib/ruby/gems/2.2.0/gems/actionpack-4.2.6/lib/action_dispatch/middleware/templates/rescues/_trace.html.erb (1.8ms)
  Rendered /Users/top/.rbenv/versions/2.2.3/lib/ruby/gems/2.2.0/gems/actionpack-4.2.6/lib/action_dispatch/middleware/templates/rescues/_request_and_response.html.erb (0.8ms)
  Rendered /Users/top/.rbenv/versions/2.2.3/lib/ruby/gems/2.2.0/gems/actionpack-4.2.6/lib/action_dispatch/middleware/templates/rescues/diagnostics.html.erb within rescues/layout (60.7ms)
  Rendered /Users/top/.rbenv/versions/2.2.3/lib/ruby/gems/2.2.0/gems/web-console-2.3.0/lib/web_console/templates/_markup.html.erb (0.4ms)
  Rendered /Users/top/.rbenv/versions/2.2.3/lib/ruby/gems/2.2.0/gems/web-console-2.3.0/lib/web_console/templates/_inner_console_markup.html.erb within layouts/inlined_string (0.3ms)
  Rendered /Users/top/.rbenv/versions/2.2.3/lib/ruby/gems/2.2.0/gems/web-console-2.3.0/lib/web_console/templates/_prompt_box_markup.html.erb within layouts/inlined_string (0.3ms)
  Rendered /Users/top/.rbenv/versions/2.2.3/lib/ruby/gems/2.2.0/gems/web-console-2.3.0/lib/web_console/templates/style.css.erb within layouts/inlined_string (0.3ms)
  Rendered /Users/top/.rbenv/versions/2.2.3/lib/ruby/gems/2.2.0/gems/web-console-2.3.0/lib/web_console/templates/console.js.erb within layouts/javascript (54.5ms)
  Rendered /Users/top/.rbenv/versions/2.2.3/lib/ruby/gems/2.2.0/gems/web-console-2.3.0/lib/web_console/templates/main.js.erb within layouts/javascript (0.2ms)
  Rendered /Users/top/.rbenv/versions/2.2.3/lib/ruby/gems/2.2.0/gems/web-console-2.3.0/lib/web_console/templates/error_page.js.erb within layouts/javascript (0.5ms)
  Rendered /Users/top/.rbenv/versions/2.2.3/lib/ruby/gems/2.2.0/gems/web-console-2.3.0/lib/web_console/templates/index.html.erb (122.0ms)


Started GET "/" for ::1 at 2017-02-23 14:39:38 -0800
Processing by RecipesController#index as HTML
Completed 500 Internal Server Error in 2ms (ActiveRecord: 0.0ms)

NameError (uninitialized constant Recipe::HTTParty):
  app/models/recipe.rb:2:in `<class:Recipe>'
  app/models/recipe.rb:1:in `<top (required)>'
  app/controllers/recipes_controller.rb:4:in `index'


  Rendered /Users/top/.rbenv/versions/2.2.3/lib/ruby/gems/2.2.0/gems/actionpack-4.2.6/lib/action_dispatch/middleware/templates/rescues/_source.erb (5.8ms)
  Rendered /Users/top/.rbenv/versions/2.2.3/lib/ruby/gems/2.2.0/gems/actionpack-4.2.6/lib/action_dispatch/middleware/templates/rescues/_trace.html.erb (5.1ms)
  Rendered /Users/top/.rbenv/versions/2.2.3/lib/ruby/gems/2.2.0/gems/actionpack-4.2.6/lib/action_dispatch/middleware/templates/rescues/_request_and_response.html.erb (0.8ms)
  Rendered /Users/top/.rbenv/versions/2.2.3/lib/ruby/gems/2.2.0/gems/actionpack-4.2.6/lib/action_dispatch/middleware/templates/rescues/diagnostics.html.erb within rescues/layout (67.9ms)
  Rendered /Users/top/.rbenv/versions/2.2.3/lib/ruby/gems/2.2.0/gems/web-console-2.3.0/lib/web_console/templates/_markup.html.erb (0.4ms)
  Rendered /Users/top/.rbenv/versions/2.2.3/lib/ruby/gems/2.2.0/gems/web-console-2.3.0/lib/web_console/templates/_inner_console_markup.html.erb within layouts/inlined_string (0.3ms)
  Rendered /Users/top/.rbenv/versions/2.2.3/lib/ruby/gems/2.2.0/gems/web-console-2.3.0/lib/web_console/templates/_prompt_box_markup.html.erb within layouts/inlined_string (0.4ms)
  Rendered /Users/top/.rbenv/versions/2.2.3/lib/ruby/gems/2.2.0/gems/web-console-2.3.0/lib/web_console/templates/style.css.erb within layouts/inlined_string (0.4ms)
  Rendered /Users/top/.rbenv/versions/2.2.3/lib/ruby/gems/2.2.0/gems/web-console-2.3.0/lib/web_console/templates/console.js.erb within layouts/javascript (55.9ms)
  Rendered /Users/top/.rbenv/versions/2.2.3/lib/ruby/gems/2.2.0/gems/web-console-2.3.0/lib/web_console/templates/main.js.erb within layouts/javascript (0.3ms)
  Rendered /Users/top/.rbenv/versions/2.2.3/lib/ruby/gems/2.2.0/gems/web-console-2.3.0/lib/web_console/templates/error_page.js.erb within layouts/javascript (0.4ms)
  Rendered /Users/top/.rbenv/versions/2.2.3/lib/ruby/gems/2.2.0/gems/web-console-2.3.0/lib/web_console/templates/index.html.erb (125.7ms)


Started GET "/" for ::1 at 2017-02-23 14:39:40 -0800
Processing by RecipesController#index as HTML
Completed 500 Internal Server Error in 3ms (ActiveRecord: 0.0ms)

NameError (uninitialized constant Recipe::HTTParty):
  app/models/recipe.rb:2:in `<class:Recipe>'
  app/models/recipe.rb:1:in `<top (required)>'
  app/controllers/recipes_controller.rb:4:in `index'


  Rendered /Users/top/.rbenv/versions/2.2.3/lib/ruby/gems/2.2.0/gems/actionpack-4.2.6/lib/action_dispatch/middleware/templates/rescues/_source.erb (5.9ms)
  Rendered /Users/top/.rbenv/versions/2.2.3/lib/ruby/gems/2.2.0/gems/actionpack-4.2.6/lib/action_dispatch/middleware/templates/rescues/_trace.html.erb (2.3ms)
  Rendered /Users/top/.rbenv/versions/2.2.3/lib/ruby/gems/2.2.0/gems/actionpack-4.2.6/lib/action_dispatch/middleware/templates/rescues/_request_and_response.html.erb (1.0ms)
  Rendered /Users/top/.rbenv/versions/2.2.3/lib/ruby/gems/2.2.0/gems/actionpack-4.2.6/lib/action_dispatch/middleware/templates/rescues/diagnostics.html.erb within rescues/layout (66.3ms)
  Rendered /Users/top/.rbenv/versions/2.2.3/lib/ruby/gems/2.2.0/gems/web-console-2.3.0/lib/web_console/templates/_markup.html.erb (0.4ms)
  Rendered /Users/top/.rbenv/versions/2.2.3/lib/ruby/gems/2.2.0/gems/web-console-2.3.0/lib/web_console/templates/_inner_console_markup.html.erb within layouts/inlined_string (0.3ms)
  Rendered /Users/top/.rbenv/versions/2.2.3/lib/ruby/gems/2.2.0/gems/web-console-2.3.0/lib/web_console/templates/_prompt_box_markup.html.erb within layouts/inlined_string (0.3ms)
  Rendered /Users/top/.rbenv/versions/2.2.3/lib/ruby/gems/2.2.0/gems/web-console-2.3.0/lib/web_console/templates/style.css.erb within layouts/inlined_string (0.3ms)
  Rendered /Users/top/.rbenv/versions/2.2.3/lib/ruby/gems/2.2.0/gems/web-console-2.3.0/lib/web_console/templates/console.js.erb within layouts/javascript (55.4ms)
  Rendered /Users/top/.rbenv/versions/2.2.3/lib/ruby/gems/2.2.0/gems/web-console-2.3.0/lib/web_console/templates/main.js.erb within layouts/javascript (0.3ms)
  Rendered /Users/top/.rbenv/versions/2.2.3/lib/ruby/gems/2.2.0/gems/web-console-2.3.0/lib/web_console/templates/error_page.js.erb within layouts/javascript (0.3ms)
  Rendered /Users/top/.rbenv/versions/2.2.3/lib/ruby/gems/2.2.0/gems/web-console-2.3.0/lib/web_console/templates/index.html.erb (121.5ms)


Started GET "/" for ::1 at 2017-02-23 14:40:01 -0800
Processing by RecipesController#index as HTML
Completed 500 Internal Server Error in 328ms (ActiveRecord: 0.0ms)

JSON::ParserError (822: unexpected token at 'FORBIDDEN'):
  app/models/recipe.rb:11:in `for'
  app/controllers/recipes_controller.rb:4:in `index'


  Rendered /Users/top/.rbenv/versions/2.2.3/lib/ruby/gems/2.2.0/gems/actionpack-4.2.6/lib/action_dispatch/middleware/templates/rescues/_source.erb (8.4ms)
  Rendered /Users/top/.rbenv/versions/2.2.3/lib/ruby/gems/2.2.0/gems/actionpack-4.2.6/lib/action_dispatch/middleware/templates/rescues/_trace.html.erb (2.1ms)
  Rendered /Users/top/.rbenv/versions/2.2.3/lib/ruby/gems/2.2.0/gems/actionpack-4.2.6/lib/action_dispatch/middleware/templates/rescues/_request_and_response.html.erb (0.9ms)
  Rendered /Users/top/.rbenv/versions/2.2.3/lib/ruby/gems/2.2.0/gems/actionpack-4.2.6/lib/action_dispatch/middleware/templates/rescues/diagnostics.html.erb within rescues/layout (76.8ms)
  Rendered /Users/top/.rbenv/versions/2.2.3/lib/ruby/gems/2.2.0/gems/web-console-2.3.0/lib/web_console/templates/_markup.html.erb (0.5ms)
  Rendered /Users/top/.rbenv/versions/2.2.3/lib/ruby/gems/2.2.0/gems/web-console-2.3.0/lib/web_console/templates/_inner_console_markup.html.erb within layouts/inlined_string (0.3ms)
  Rendered /Users/top/.rbenv/versions/2.2.3/lib/ruby/gems/2.2.0/gems/web-console-2.3.0/lib/web_console/templates/_prompt_box_markup.html.erb within layouts/inlined_string (0.5ms)
  Rendered /Users/top/.rbenv/versions/2.2.3/lib/ruby/gems/2.2.0/gems/web-console-2.3.0/lib/web_console/templates/style.css.erb within layouts/inlined_string (0.4ms)
  Rendered /Users/top/.rbenv/versions/2.2.3/lib/ruby/gems/2.2.0/gems/web-console-2.3.0/lib/web_console/templates/console.js.erb within layouts/javascript (97.3ms)
  Rendered /Users/top/.rbenv/versions/2.2.3/lib/ruby/gems/2.2.0/gems/web-console-2.3.0/lib/web_console/templates/main.js.erb within layouts/javascript (0.6ms)
  Rendered /Users/top/.rbenv/versions/2.2.3/lib/ruby/gems/2.2.0/gems/web-console-2.3.0/lib/web_console/templates/error_page.js.erb within layouts/javascript (0.4ms)
  Rendered /Users/top/.rbenv/versions/2.2.3/lib/ruby/gems/2.2.0/gems/web-console-2.3.0/lib/web_console/templates/index.html.erb (189.3ms)


Started GET "/" for ::1 at 2017-02-23 14:42:41 -0800
Processing by RecipesController#index as HTML
Completed 500 Internal Server Error in 211ms (ActiveRecord: 0.0ms)

JSON::ParserError (822: unexpected token at 'FORBIDDEN'):
  app/models/recipe.rb:13:in `for'
  app/controllers/recipes_controller.rb:4:in `index'


  Rendered /Users/top/.rbenv/versions/2.2.3/lib/ruby/gems/2.2.0/gems/actionpack-4.2.6/lib/action_dispatch/middleware/templates/rescues/_source.erb (4.3ms)
  Rendered /Users/top/.rbenv/versions/2.2.3/lib/ruby/gems/2.2.0/gems/actionpack-4.2.6/lib/action_dispatch/middleware/templates/rescues/_trace.html.erb (2.5ms)
  Rendered /Users/top/.rbenv/versions/2.2.3/lib/ruby/gems/2.2.0/gems/actionpack-4.2.6/lib/action_dispatch/middleware/templates/rescues/_request_and_response.html.erb (0.8ms)
  Rendered /Users/top/.rbenv/versions/2.2.3/lib/ruby/gems/2.2.0/gems/actionpack-4.2.6/lib/action_dispatch/middleware/templates/rescues/diagnostics.html.erb within rescues/layout (67.9ms)
  Rendered /Users/top/.rbenv/versions/2.2.3/lib/ruby/gems/2.2.0/gems/web-console-2.3.0/lib/web_console/templates/_markup.html.erb (0.4ms)
  Rendered /Users/top/.rbenv/versions/2.2.3/lib/ruby/gems/2.2.0/gems/web-console-2.3.0/lib/web_console/templates/_inner_console_markup.html.erb within layouts/inlined_string (0.5ms)
  Rendered /Users/top/.rbenv/versions/2.2.3/lib/ruby/gems/2.2.0/gems/web-console-2.3.0/lib/web_console/templates/_prompt_box_markup.html.erb within layouts/inlined_string (0.3ms)
  Rendered /Users/top/.rbenv/versions/2.2.3/lib/ruby/gems/2.2.0/gems/web-console-2.3.0/lib/web_console/templates/style.css.erb within layouts/inlined_string (0.3ms)
  Rendered /Users/top/.rbenv/versions/2.2.3/lib/ruby/gems/2.2.0/gems/web-console-2.3.0/lib/web_console/templates/console.js.erb within layouts/javascript (57.6ms)
  Rendered /Users/top/.rbenv/versions/2.2.3/lib/ruby/gems/2.2.0/gems/web-console-2.3.0/lib/web_console/templates/main.js.erb within layouts/javascript (0.3ms)
  Rendered /Users/top/.rbenv/versions/2.2.3/lib/ruby/gems/2.2.0/gems/web-console-2.3.0/lib/web_console/templates/error_page.js.erb within layouts/javascript (0.5ms)
  Rendered /Users/top/.rbenv/versions/2.2.3/lib/ruby/gems/2.2.0/gems/web-console-2.3.0/lib/web_console/templates/index.html.erb (128.8ms)


Started GET "/" for ::1 at 2017-02-23 14:44:16 -0800
Processing by RecipesController#index as HTML
Completed 500 Internal Server Error in 231ms (ActiveRecord: 0.0ms)

JSON::ParserError (822: unexpected token at 'FORBIDDEN'):
  app/models/recipe.rb:13:in `for'
  app/controllers/recipes_controller.rb:7:in `index'


  Rendered /Users/top/.rbenv/versions/2.2.3/lib/ruby/gems/2.2.0/gems/actionpack-4.2.6/lib/action_dispatch/middleware/templates/rescues/_source.erb (4.4ms)
  Rendered /Users/top/.rbenv/versions/2.2.3/lib/ruby/gems/2.2.0/gems/actionpack-4.2.6/lib/action_dispatch/middleware/templates/rescues/_trace.html.erb (1.9ms)
  Rendered /Users/top/.rbenv/versions/2.2.3/lib/ruby/gems/2.2.0/gems/actionpack-4.2.6/lib/action_dispatch/middleware/templates/rescues/_request_and_response.html.erb (0.8ms)
  Rendered /Users/top/.rbenv/versions/2.2.3/lib/ruby/gems/2.2.0/gems/actionpack-4.2.6/lib/action_dispatch/middleware/templates/rescues/diagnostics.html.erb within rescues/layout (64.0ms)
  Rendered /Users/top/.rbenv/versions/2.2.3/lib/ruby/gems/2.2.0/gems/web-console-2.3.0/lib/web_console/templates/_markup.html.erb (0.4ms)
  Rendered /Users/top/.rbenv/versions/2.2.3/lib/ruby/gems/2.2.0/gems/web-console-2.3.0/lib/web_console/templates/_inner_console_markup.html.erb within layouts/inlined_string (0.3ms)
  Rendered /Users/top/.rbenv/versions/2.2.3/lib/ruby/gems/2.2.0/gems/web-console-2.3.0/lib/web_console/templates/_prompt_box_markup.html.erb within layouts/inlined_string (0.5ms)
  Rendered /Users/top/.rbenv/versions/2.2.3/lib/ruby/gems/2.2.0/gems/web-console-2.3.0/lib/web_console/templates/style.css.erb within layouts/inlined_string (0.3ms)
  Rendered /Users/top/.rbenv/versions/2.2.3/lib/ruby/gems/2.2.0/gems/web-console-2.3.0/lib/web_console/templates/console.js.erb within layouts/javascript (56.7ms)
  Rendered /Users/top/.rbenv/versions/2.2.3/lib/ruby/gems/2.2.0/gems/web-console-2.3.0/lib/web_console/templates/main.js.erb within layouts/javascript (0.3ms)
  Rendered /Users/top/.rbenv/versions/2.2.3/lib/ruby/gems/2.2.0/gems/web-console-2.3.0/lib/web_console/templates/error_page.js.erb within layouts/javascript (0.4ms)
  Rendered /Users/top/.rbenv/versions/2.2.3/lib/ruby/gems/2.2.0/gems/web-console-2.3.0/lib/web_console/templates/index.html.erb (127.7ms)


Started GET "/" for ::1 at 2017-02-23 14:44:19 -0800
Processing by RecipesController#index as HTML
Completed 500 Internal Server Error in 230ms (ActiveRecord: 0.0ms)

JSON::ParserError (822: unexpected token at 'FORBIDDEN'):
  app/models/recipe.rb:13:in `for'
  app/controllers/recipes_controller.rb:7:in `index'


  Rendered /Users/top/.rbenv/versions/2.2.3/lib/ruby/gems/2.2.0/gems/actionpack-4.2.6/lib/action_dispatch/middleware/templates/rescues/_source.erb (4.8ms)
  Rendered /Users/top/.rbenv/versions/2.2.3/lib/ruby/gems/2.2.0/gems/actionpack-4.2.6/lib/action_dispatch/middleware/templates/rescues/_trace.html.erb (2.0ms)
  Rendered /Users/top/.rbenv/versions/2.2.3/lib/ruby/gems/2.2.0/gems/actionpack-4.2.6/lib/action_dispatch/middleware/templates/rescues/_request_and_response.html.erb (0.8ms)
  Rendered /Users/top/.rbenv/versions/2.2.3/lib/ruby/gems/2.2.0/gems/actionpack-4.2.6/lib/action_dispatch/middleware/templates/rescues/diagnostics.html.erb within rescues/layout (62.7ms)
  Rendered /Users/top/.rbenv/versions/2.2.3/lib/ruby/gems/2.2.0/gems/web-console-2.3.0/lib/web_console/templates/_markup.html.erb (0.4ms)
  Rendered /Users/top/.rbenv/versions/2.2.3/lib/ruby/gems/2.2.0/gems/web-console-2.3.0/lib/web_console/templates/_inner_console_markup.html.erb within layouts/inlined_string (0.3ms)
  Rendered /Users/top/.rbenv/versions/2.2.3/lib/ruby/gems/2.2.0/gems/web-console-2.3.0/lib/web_console/templates/_prompt_box_markup.html.erb within layouts/inlined_string (0.3ms)
  Rendered /Users/top/.rbenv/versions/2.2.3/lib/ruby/gems/2.2.0/gems/web-console-2.3.0/lib/web_console/templates/style.css.erb within layouts/inlined_string (0.3ms)
  Rendered /Users/top/.rbenv/versions/2.2.3/lib/ruby/gems/2.2.0/gems/web-console-2.3.0/lib/web_console/templates/console.js.erb within layouts/javascript (53.1ms)
  Rendered /Users/top/.rbenv/versions/2.2.3/lib/ruby/gems/2.2.0/gems/web-console-2.3.0/lib/web_console/templates/main.js.erb within layouts/javascript (0.3ms)
  Rendered /Users/top/.rbenv/versions/2.2.3/lib/ruby/gems/2.2.0/gems/web-console-2.3.0/lib/web_console/templates/error_page.js.erb within layouts/javascript (0.4ms)
  Rendered /Users/top/.rbenv/versions/2.2.3/lib/ruby/gems/2.2.0/gems/web-console-2.3.0/lib/web_console/templates/index.html.erb (118.3ms)


Started GET "/" for ::1 at 2017-02-23 14:45:07 -0800
Processing by RecipesController#index as HTML
Completed 500 Internal Server Error in 222ms (ActiveRecord: 0.0ms)

JSON::ParserError (822: unexpected token at 'FORBIDDEN'):
  app/models/recipe.rb:13:in `for'
  app/controllers/recipes_controller.rb:7:in `index'


  Rendered /Users/top/.rbenv/versions/2.2.3/lib/ruby/gems/2.2.0/gems/actionpack-4.2.6/lib/action_dispatch/middleware/templates/rescues/_source.erb (4.4ms)
  Rendered /Users/top/.rbenv/versions/2.2.3/lib/ruby/gems/2.2.0/gems/actionpack-4.2.6/lib/action_dispatch/middleware/templates/rescues/_trace.html.erb (2.0ms)
  Rendered /Users/top/.rbenv/versions/2.2.3/lib/ruby/gems/2.2.0/gems/actionpack-4.2.6/lib/action_dispatch/middleware/templates/rescues/_request_and_response.html.erb (0.9ms)
  Rendered /Users/top/.rbenv/versions/2.2.3/lib/ruby/gems/2.2.0/gems/actionpack-4.2.6/lib/action_dispatch/middleware/templates/rescues/diagnostics.html.erb within rescues/layout (62.0ms)
  Rendered /Users/top/.rbenv/versions/2.2.3/lib/ruby/gems/2.2.0/gems/web-console-2.3.0/lib/web_console/templates/_markup.html.erb (0.3ms)
  Rendered /Users/top/.rbenv/versions/2.2.3/lib/ruby/gems/2.2.0/gems/web-console-2.3.0/lib/web_console/templates/_inner_console_markup.html.erb within layouts/inlined_string (0.4ms)
  Rendered /Users/top/.rbenv/versions/2.2.3/lib/ruby/gems/2.2.0/gems/web-console-2.3.0/lib/web_console/templates/_prompt_box_markup.html.erb within layouts/inlined_string (0.3ms)
  Rendered /Users/top/.rbenv/versions/2.2.3/lib/ruby/gems/2.2.0/gems/web-console-2.3.0/lib/web_console/templates/style.css.erb within layouts/inlined_string (0.3ms)
  Rendered /Users/top/.rbenv/versions/2.2.3/lib/ruby/gems/2.2.0/gems/web-console-2.3.0/lib/web_console/templates/console.js.erb within layouts/javascript (59.7ms)
  Rendered /Users/top/.rbenv/versions/2.2.3/lib/ruby/gems/2.2.0/gems/web-console-2.3.0/lib/web_console/templates/main.js.erb within layouts/javascript (0.3ms)
  Rendered /Users/top/.rbenv/versions/2.2.3/lib/ruby/gems/2.2.0/gems/web-console-2.3.0/lib/web_console/templates/error_page.js.erb within layouts/javascript (0.4ms)
  Rendered /Users/top/.rbenv/versions/2.2.3/lib/ruby/gems/2.2.0/gems/web-console-2.3.0/lib/web_console/templates/index.html.erb (131.3ms)


Started GET "/" for ::1 at 2017-02-23 14:45:10 -0800
Processing by RecipesController#index as HTML
Completed 500 Internal Server Error in 221ms (ActiveRecord: 0.0ms)

JSON::ParserError (822: unexpected token at 'FORBIDDEN'):
  app/models/recipe.rb:13:in `for'
  app/controllers/recipes_controller.rb:7:in `index'


  Rendered /Users/top/.rbenv/versions/2.2.3/lib/ruby/gems/2.2.0/gems/actionpack-4.2.6/lib/action_dispatch/middleware/templates/rescues/_source.erb (5.2ms)
  Rendered /Users/top/.rbenv/versions/2.2.3/lib/ruby/gems/2.2.0/gems/actionpack-4.2.6/lib/action_dispatch/middleware/templates/rescues/_trace.html.erb (2.0ms)
  Rendered /Users/top/.rbenv/versions/2.2.3/lib/ruby/gems/2.2.0/gems/actionpack-4.2.6/lib/action_dispatch/middleware/templates/rescues/_request_and_response.html.erb (0.8ms)
  Rendered /Users/top/.rbenv/versions/2.2.3/lib/ruby/gems/2.2.0/gems/actionpack-4.2.6/lib/action_dispatch/middleware/templates/rescues/diagnostics.html.erb within rescues/layout (66.5ms)
  Rendered /Users/top/.rbenv/versions/2.2.3/lib/ruby/gems/2.2.0/gems/web-console-2.3.0/lib/web_console/templates/_markup.html.erb (0.4ms)
  Rendered /Users/top/.rbenv/versions/2.2.3/lib/ruby/gems/2.2.0/gems/web-console-2.3.0/lib/web_console/templates/_inner_console_markup.html.erb within layouts/inlined_string (0.3ms)
  Rendered /Users/top/.rbenv/versions/2.2.3/lib/ruby/gems/2.2.0/gems/web-console-2.3.0/lib/web_console/templates/_prompt_box_markup.html.erb within layouts/inlined_string (0.3ms)
  Rendered /Users/top/.rbenv/versions/2.2.3/lib/ruby/gems/2.2.0/gems/web-console-2.3.0/lib/web_console/templates/style.css.erb within layouts/inlined_string (0.3ms)
  Rendered /Users/top/.rbenv/versions/2.2.3/lib/ruby/gems/2.2.0/gems/web-console-2.3.0/lib/web_console/templates/console.js.erb within layouts/javascript (56.8ms)
  Rendered /Users/top/.rbenv/versions/2.2.3/lib/ruby/gems/2.2.0/gems/web-console-2.3.0/lib/web_console/templates/main.js.erb within layouts/javascript (0.3ms)
  Rendered /Users/top/.rbenv/versions/2.2.3/lib/ruby/gems/2.2.0/gems/web-console-2.3.0/lib/web_console/templates/error_page.js.erb within layouts/javascript (0.4ms)
  Rendered /Users/top/.rbenv/versions/2.2.3/lib/ruby/gems/2.2.0/gems/web-console-2.3.0/lib/web_console/templates/index.html.erb (128.7ms)


Started GET "/" for ::1 at 2017-02-23 14:46:43 -0800
Processing by RecipesController#index as HTML
Completed 500 Internal Server Error in 434ms (ActiveRecord: 0.0ms)

JSON::ParserError (822: unexpected token at 'FORBIDDEN'):
  app/models/recipe.rb:13:in `for'
  app/controllers/recipes_controller.rb:7:in `index'


  Rendered /Users/top/.rbenv/versions/2.2.3/lib/ruby/gems/2.2.0/gems/actionpack-4.2.6/lib/action_dispatch/middleware/templates/rescues/_source.erb (7.7ms)
  Rendered /Users/top/.rbenv/versions/2.2.3/lib/ruby/gems/2.2.0/gems/actionpack-4.2.6/lib/action_dispatch/middleware/templates/rescues/_trace.html.erb (2.0ms)
  Rendered /Users/top/.rbenv/versions/2.2.3/lib/ruby/gems/2.2.0/gems/actionpack-4.2.6/lib/action_dispatch/middleware/templates/rescues/_request_and_response.html.erb (0.8ms)
  Rendered /Users/top/.rbenv/versions/2.2.3/lib/ruby/gems/2.2.0/gems/actionpack-4.2.6/lib/action_dispatch/middleware/templates/rescues/diagnostics.html.erb within rescues/layout (64.6ms)
  Rendered /Users/top/.rbenv/versions/2.2.3/lib/ruby/gems/2.2.0/gems/web-console-2.3.0/lib/web_console/templates/_markup.html.erb (0.8ms)
  Rendered /Users/top/.rbenv/versions/2.2.3/lib/ruby/gems/2.2.0/gems/web-console-2.3.0/lib/web_console/templates/_inner_console_markup.html.erb within layouts/inlined_string (0.3ms)
  Rendered /Users/top/.rbenv/versions/2.2.3/lib/ruby/gems/2.2.0/gems/web-console-2.3.0/lib/web_console/templates/_prompt_box_markup.html.erb within layouts/inlined_string (0.3ms)
  Rendered /Users/top/.rbenv/versions/2.2.3/lib/ruby/gems/2.2.0/gems/web-console-2.3.0/lib/web_console/templates/style.css.erb within layouts/inlined_string (0.3ms)
  Rendered /Users/top/.rbenv/versions/2.2.3/lib/ruby/gems/2.2.0/gems/web-console-2.3.0/lib/web_console/templates/console.js.erb within layouts/javascript (90.0ms)
  Rendered /Users/top/.rbenv/versions/2.2.3/lib/ruby/gems/2.2.0/gems/web-console-2.3.0/lib/web_console/templates/main.js.erb within layouts/javascript (0.3ms)
  Rendered /Users/top/.rbenv/versions/2.2.3/lib/ruby/gems/2.2.0/gems/web-console-2.3.0/lib/web_console/templates/error_page.js.erb within layouts/javascript (0.4ms)
  Rendered /Users/top/.rbenv/versions/2.2.3/lib/ruby/gems/2.2.0/gems/web-console-2.3.0/lib/web_console/templates/index.html.erb (170.3ms)


Started GET "/" for ::1 at 2017-02-23 14:51:15 -0800
Processing by RecipesController#index as HTML
Completed 500 Internal Server Error in 219ms (ActiveRecord: 0.0ms)

JSON::ParserError (822: unexpected token at 'FORBIDDEN'):
  app/models/recipe.rb:13:in `for'
  app/controllers/recipes_controller.rb:7:in `index'


  Rendered /Users/top/.rbenv/versions/2.2.3/lib/ruby/gems/2.2.0/gems/actionpack-4.2.6/lib/action_dispatch/middleware/templates/rescues/_source.erb (9.2ms)
  Rendered /Users/top/.rbenv/versions/2.2.3/lib/ruby/gems/2.2.0/gems/actionpack-4.2.6/lib/action_dispatch/middleware/templates/rescues/_trace.html.erb (2.1ms)
  Rendered /Users/top/.rbenv/versions/2.2.3/lib/ruby/gems/2.2.0/gems/actionpack-4.2.6/lib/action_dispatch/middleware/templates/rescues/_request_and_response.html.erb (0.8ms)
  Rendered /Users/top/.rbenv/versions/2.2.3/lib/ruby/gems/2.2.0/gems/actionpack-4.2.6/lib/action_dispatch/middleware/templates/rescues/diagnostics.html.erb within rescues/layout (78.4ms)
  Rendered /Users/top/.rbenv/versions/2.2.3/lib/ruby/gems/2.2.0/gems/web-console-2.3.0/lib/web_console/templates/_markup.html.erb (0.4ms)
  Rendered /Users/top/.rbenv/versions/2.2.3/lib/ruby/gems/2.2.0/gems/web-console-2.3.0/lib/web_console/templates/_inner_console_markup.html.erb within layouts/inlined_string (0.3ms)
  Rendered /Users/top/.rbenv/versions/2.2.3/lib/ruby/gems/2.2.0/gems/web-console-2.3.0/lib/web_console/templates/_prompt_box_markup.html.erb within layouts/inlined_string (0.3ms)
  Rendered /Users/top/.rbenv/versions/2.2.3/lib/ruby/gems/2.2.0/gems/web-console-2.3.0/lib/web_console/templates/style.css.erb within layouts/inlined_string (0.4ms)
  Rendered /Users/top/.rbenv/versions/2.2.3/lib/ruby/gems/2.2.0/gems/web-console-2.3.0/lib/web_console/templates/console.js.erb within layouts/javascript (90.4ms)
  Rendered /Users/top/.rbenv/versions/2.2.3/lib/ruby/gems/2.2.0/gems/web-console-2.3.0/lib/web_console/templates/main.js.erb within layouts/javascript (0.3ms)
  Rendered /Users/top/.rbenv/versions/2.2.3/lib/ruby/gems/2.2.0/gems/web-console-2.3.0/lib/web_console/templates/error_page.js.erb within layouts/javascript (0.4ms)
  Rendered /Users/top/.rbenv/versions/2.2.3/lib/ruby/gems/2.2.0/gems/web-console-2.3.0/lib/web_console/templates/index.html.erb (182.3ms)


Started GET "/" for ::1 at 2017-02-23 14:51:44 -0800
Processing by RecipesController#index as HTML
Completed 500 Internal Server Error in 211ms (ActiveRecord: 0.0ms)

JSON::ParserError (822: unexpected token at 'FORBIDDEN'):
  app/models/recipe.rb:13:in `for'
  app/controllers/recipes_controller.rb:7:in `index'


  Rendered /Users/top/.rbenv/versions/2.2.3/lib/ruby/gems/2.2.0/gems/actionpack-4.2.6/lib/action_dispatch/middleware/templates/rescues/_source.erb (4.5ms)
  Rendered /Users/top/.rbenv/versions/2.2.3/lib/ruby/gems/2.2.0/gems/actionpack-4.2.6/lib/action_dispatch/middleware/templates/rescues/_trace.html.erb (2.6ms)
  Rendered /Users/top/.rbenv/versions/2.2.3/lib/ruby/gems/2.2.0/gems/actionpack-4.2.6/lib/action_dispatch/middleware/templates/rescues/_request_and_response.html.erb (1.5ms)
  Rendered /Users/top/.rbenv/versions/2.2.3/lib/ruby/gems/2.2.0/gems/actionpack-4.2.6/lib/action_dispatch/middleware/templates/rescues/diagnostics.html.erb within rescues/layout (66.7ms)
  Rendered /Users/top/.rbenv/versions/2.2.3/lib/ruby/gems/2.2.0/gems/web-console-2.3.0/lib/web_console/templates/_markup.html.erb (0.4ms)
  Rendered /Users/top/.rbenv/versions/2.2.3/lib/ruby/gems/2.2.0/gems/web-console-2.3.0/lib/web_console/templates/_inner_console_markup.html.erb within layouts/inlined_string (0.3ms)
  Rendered /Users/top/.rbenv/versions/2.2.3/lib/ruby/gems/2.2.0/gems/web-console-2.3.0/lib/web_console/templates/_prompt_box_markup.html.erb within layouts/inlined_string (0.7ms)
  Rendered /Users/top/.rbenv/versions/2.2.3/lib/ruby/gems/2.2.0/gems/web-console-2.3.0/lib/web_console/templates/style.css.erb within layouts/inlined_string (0.4ms)
  Rendered /Users/top/.rbenv/versions/2.2.3/lib/ruby/gems/2.2.0/gems/web-console-2.3.0/lib/web_console/templates/console.js.erb within layouts/javascript (61.1ms)
  Rendered /Users/top/.rbenv/versions/2.2.3/lib/ruby/gems/2.2.0/gems/web-console-2.3.0/lib/web_console/templates/main.js.erb within layouts/javascript (0.3ms)
  Rendered /Users/top/.rbenv/versions/2.2.3/lib/ruby/gems/2.2.0/gems/web-console-2.3.0/lib/web_console/templates/error_page.js.erb within layouts/javascript (0.4ms)
  Rendered /Users/top/.rbenv/versions/2.2.3/lib/ruby/gems/2.2.0/gems/web-console-2.3.0/lib/web_console/templates/index.html.erb (136.3ms)


Started GET "/" for ::1 at 2017-02-23 14:51:48 -0800
Processing by RecipesController#index as HTML
Completed 500 Internal Server Error in 204ms (ActiveRecord: 0.0ms)

JSON::ParserError (822: unexpected token at 'FORBIDDEN'):
  app/models/recipe.rb:13:in `for'
  app/controllers/recipes_controller.rb:7:in `index'


  Rendered /Users/top/.rbenv/versions/2.2.3/lib/ruby/gems/2.2.0/gems/actionpack-4.2.6/lib/action_dispatch/middleware/templates/rescues/_source.erb (4.6ms)
  Rendered /Users/top/.rbenv/versions/2.2.3/lib/ruby/gems/2.2.0/gems/actionpack-4.2.6/lib/action_dispatch/middleware/templates/rescues/_trace.html.erb (2.1ms)
  Rendered /Users/top/.rbenv/versions/2.2.3/lib/ruby/gems/2.2.0/gems/actionpack-4.2.6/lib/action_dispatch/middleware/templates/rescues/_request_and_response.html.erb (0.8ms)
  Rendered /Users/top/.rbenv/versions/2.2.3/lib/ruby/gems/2.2.0/gems/actionpack-4.2.6/lib/action_dispatch/middleware/templates/rescues/diagnostics.html.erb within rescues/layout (61.0ms)
  Rendered /Users/top/.rbenv/versions/2.2.3/lib/ruby/gems/2.2.0/gems/web-console-2.3.0/lib/web_console/templates/_markup.html.erb (0.4ms)
  Rendered /Users/top/.rbenv/versions/2.2.3/lib/ruby/gems/2.2.0/gems/web-console-2.3.0/lib/web_console/templates/_inner_console_markup.html.erb within layouts/inlined_string (0.3ms)
  Rendered /Users/top/.rbenv/versions/2.2.3/lib/ruby/gems/2.2.0/gems/web-console-2.3.0/lib/web_console/templates/_prompt_box_markup.html.erb within layouts/inlined_string (0.3ms)
  Rendered /Users/top/.rbenv/versions/2.2.3/lib/ruby/gems/2.2.0/gems/web-console-2.3.0/lib/web_console/templates/style.css.erb within layouts/inlined_string (0.4ms)
  Rendered /Users/top/.rbenv/versions/2.2.3/lib/ruby/gems/2.2.0/gems/web-console-2.3.0/lib/web_console/templates/console.js.erb within layouts/javascript (53.9ms)
  Rendered /Users/top/.rbenv/versions/2.2.3/lib/ruby/gems/2.2.0/gems/web-console-2.3.0/lib/web_console/templates/main.js.erb within layouts/javascript (0.3ms)
  Rendered /Users/top/.rbenv/versions/2.2.3/lib/ruby/gems/2.2.0/gems/web-console-2.3.0/lib/web_console/templates/error_page.js.erb within layouts/javascript (0.4ms)
  Rendered /Users/top/.rbenv/versions/2.2.3/lib/ruby/gems/2.2.0/gems/web-console-2.3.0/lib/web_console/templates/index.html.erb (122.7ms)


Started GET "/" for ::1 at 2017-02-23 14:53:42 -0800
Processing by RecipesController#index as HTML
Completed 500 Internal Server Error in 225ms (ActiveRecord: 0.0ms)

JSON::ParserError (822: unexpected token at 'FORBIDDEN'):
  app/models/recipe.rb:14:in `for'
  app/controllers/recipes_controller.rb:7:in `index'


  Rendered /Users/top/.rbenv/versions/2.2.3/lib/ruby/gems/2.2.0/gems/actionpack-4.2.6/lib/action_dispatch/middleware/templates/rescues/_source.erb (5.7ms)
  Rendered /Users/top/.rbenv/versions/2.2.3/lib/ruby/gems/2.2.0/gems/actionpack-4.2.6/lib/action_dispatch/middleware/templates/rescues/_trace.html.erb (2.9ms)
  Rendered /Users/top/.rbenv/versions/2.2.3/lib/ruby/gems/2.2.0/gems/actionpack-4.2.6/lib/action_dispatch/middleware/templates/rescues/_request_and_response.html.erb (0.8ms)
  Rendered /Users/top/.rbenv/versions/2.2.3/lib/ruby/gems/2.2.0/gems/actionpack-4.2.6/lib/action_dispatch/middleware/templates/rescues/diagnostics.html.erb within rescues/layout (70.1ms)
  Rendered /Users/top/.rbenv/versions/2.2.3/lib/ruby/gems/2.2.0/gems/web-console-2.3.0/lib/web_console/templates/_markup.html.erb (0.4ms)
  Rendered /Users/top/.rbenv/versions/2.2.3/lib/ruby/gems/2.2.0/gems/web-console-2.3.0/lib/web_console/templates/_inner_console_markup.html.erb within layouts/inlined_string (0.3ms)
  Rendered /Users/top/.rbenv/versions/2.2.3/lib/ruby/gems/2.2.0/gems/web-console-2.3.0/lib/web_console/templates/_prompt_box_markup.html.erb within layouts/inlined_string (0.3ms)
  Rendered /Users/top/.rbenv/versions/2.2.3/lib/ruby/gems/2.2.0/gems/web-console-2.3.0/lib/web_console/templates/style.css.erb within layouts/inlined_string (0.3ms)
  Rendered /Users/top/.rbenv/versions/2.2.3/lib/ruby/gems/2.2.0/gems/web-console-2.3.0/lib/web_console/templates/console.js.erb within layouts/javascript (58.1ms)
  Rendered /Users/top/.rbenv/versions/2.2.3/lib/ruby/gems/2.2.0/gems/web-console-2.3.0/lib/web_console/templates/main.js.erb within layouts/javascript (0.3ms)
  Rendered /Users/top/.rbenv/versions/2.2.3/lib/ruby/gems/2.2.0/gems/web-console-2.3.0/lib/web_console/templates/error_page.js.erb within layouts/javascript (0.4ms)
  Rendered /Users/top/.rbenv/versions/2.2.3/lib/ruby/gems/2.2.0/gems/web-console-2.3.0/lib/web_console/templates/index.html.erb (130.8ms)


Started GET "/" for ::1 at 2017-02-23 14:53:45 -0800
Processing by RecipesController#index as HTML
Completed 500 Internal Server Error in 225ms (ActiveRecord: 0.0ms)

JSON::ParserError (822: unexpected token at 'FORBIDDEN'):
  app/models/recipe.rb:14:in `for'
  app/controllers/recipes_controller.rb:7:in `index'


  Rendered /Users/top/.rbenv/versions/2.2.3/lib/ruby/gems/2.2.0/gems/actionpack-4.2.6/lib/action_dispatch/middleware/templates/rescues/_source.erb (4.6ms)
  Rendered /Users/top/.rbenv/versions/2.2.3/lib/ruby/gems/2.2.0/gems/actionpack-4.2.6/lib/action_dispatch/middleware/templates/rescues/_trace.html.erb (2.4ms)
  Rendered /Users/top/.rbenv/versions/2.2.3/lib/ruby/gems/2.2.0/gems/actionpack-4.2.6/lib/action_dispatch/middleware/templates/rescues/_request_and_response.html.erb (1.2ms)
  Rendered /Users/top/.rbenv/versions/2.2.3/lib/ruby/gems/2.2.0/gems/actionpack-4.2.6/lib/action_dispatch/middleware/templates/rescues/diagnostics.html.erb within rescues/layout (66.7ms)
  Rendered /Users/top/.rbenv/versions/2.2.3/lib/ruby/gems/2.2.0/gems/web-console-2.3.0/lib/web_console/templates/_markup.html.erb (0.3ms)
  Rendered /Users/top/.rbenv/versions/2.2.3/lib/ruby/gems/2.2.0/gems/web-console-2.3.0/lib/web_console/templates/_inner_console_markup.html.erb within layouts/inlined_string (0.3ms)
  Rendered /Users/top/.rbenv/versions/2.2.3/lib/ruby/gems/2.2.0/gems/web-console-2.3.0/lib/web_console/templates/_prompt_box_markup.html.erb within layouts/inlined_string (0.3ms)
  Rendered /Users/top/.rbenv/versions/2.2.3/lib/ruby/gems/2.2.0/gems/web-console-2.3.0/lib/web_console/templates/style.css.erb within layouts/inlined_string (0.4ms)
  Rendered /Users/top/.rbenv/versions/2.2.3/lib/ruby/gems/2.2.0/gems/web-console-2.3.0/lib/web_console/templates/console.js.erb within layouts/javascript (58.6ms)
  Rendered /Users/top/.rbenv/versions/2.2.3/lib/ruby/gems/2.2.0/gems/web-console-2.3.0/lib/web_console/templates/main.js.erb within layouts/javascript (0.3ms)
  Rendered /Users/top/.rbenv/versions/2.2.3/lib/ruby/gems/2.2.0/gems/web-console-2.3.0/lib/web_console/templates/error_page.js.erb within layouts/javascript (0.3ms)
  Rendered /Users/top/.rbenv/versions/2.2.3/lib/ruby/gems/2.2.0/gems/web-console-2.3.0/lib/web_console/templates/index.html.erb (131.1ms)


Started GET "/" for ::1 at 2017-02-23 14:55:22 -0800
Processing by RecipesController#index as HTML
  Rendered recipes/index.html.erb within layouts/application (32.9ms)
Completed 200 OK in 1497ms (Views: 748.0ms | ActiveRecord: 0.0ms)


Started GET "/assets/recipes.self-e3b0c44298fc1c149afbf4c8996fb92427ae41e4649b934ca495991b7852b855.css?body=1" for ::1 at 2017-02-23 14:55:24 -0800


Started GET "/assets/application.self-e80e8f2318043e8af94dddc2adad5a4f09739a8ebb323b3ab31cd71d45fd9113.css?body=1" for ::1 at 2017-02-23 14:55:24 -0800


Started GET "/assets/jquery_ujs.self-784a997f6726036b1993eb2217c9cb558e1cbb801c6da88105588c56f13b466a.js?body=1" for ::1 at 2017-02-23 14:55:24 -0800


Started GET "/assets/jquery.self-bd7ddd393353a8d2480a622e80342adf488fb6006d667e8b42e4c0073393abee.js?body=1" for ::1 at 2017-02-23 14:55:24 -0800


Started GET "/assets/turbolinks.self-c5acd7a204f5f25ce7a1d8a0e4d92e28d34c9e2df2c7371cd7af88e147e4ad82.js?body=1" for ::1 at 2017-02-23 14:55:24 -0800


Started GET "/assets/recipes.self-877aef30ae1b040ab8a3aba4e3e309a11d7f2612f44dde450b5c157aa5f95c05.js?body=1" for ::1 at 2017-02-23 14:55:24 -0800


Started GET "/assets/application.self-3b8dabdc891efe46b9a144b400ad69e37d7e5876bdc39dee783419a69d7ca819.js?body=1" for ::1 at 2017-02-23 14:55:24 -0800


Started GET "/" for ::1 at 2017-02-23 15:01:01 -0800
Processing by RecipesController#index as HTML
  Rendered recipes/index.html.erb within layouts/application (47.6ms)
Completed 200 OK in 1023ms (Views: 112.1ms | ActiveRecord: 0.0ms)


Started GET "/assets/recipes.self-e3b0c44298fc1c149afbf4c8996fb92427ae41e4649b934ca495991b7852b855.css?body=1" for ::1 at 2017-02-23 15:01:02 -0800


Started GET "/assets/recipes.self-877aef30ae1b040ab8a3aba4e3e309a11d7f2612f44dde450b5c157aa5f95c05.js?body=1" for ::1 at 2017-02-23 15:01:02 -0800


Started GET "/assets/application.self-e80e8f2318043e8af94dddc2adad5a4f09739a8ebb323b3ab31cd71d45fd9113.css?body=1" for ::1 at 2017-02-23 15:01:03 -0800


Started GET "/assets/application.self-3b8dabdc891efe46b9a144b400ad69e37d7e5876bdc39dee783419a69d7ca819.js?body=1" for ::1 at 2017-02-23 15:01:03 -0800


Started GET "/assets/turbolinks.self-c5acd7a204f5f25ce7a1d8a0e4d92e28d34c9e2df2c7371cd7af88e147e4ad82.js?body=1" for ::1 at 2017-02-23 15:01:03 -0800


Started GET "/assets/jquery_ujs.self-784a997f6726036b1993eb2217c9cb558e1cbb801c6da88105588c56f13b466a.js?body=1" for ::1 at 2017-02-23 15:01:03 -0800


Started GET "/assets/jquery.self-bd7ddd393353a8d2480a622e80342adf488fb6006d667e8b42e4c0073393abee.js?body=1" for ::1 at 2017-02-23 15:01:03 -0800


Started GET "/" for ::1 at 2017-02-23 15:01:15 -0800
Processing by RecipesController#index as HTML
  Rendered recipes/index.html.erb within layouts/application (28.0ms)
Completed 200 OK in 909ms (Views: 68.2ms | ActiveRecord: 0.0ms)


Started GET "/" for ::1 at 2017-02-23 15:01:20 -0800
Processing by RecipesController#index as HTML
  Rendered recipes/index.html.erb within layouts/application (12.4ms)
Completed 200 OK in 762ms (Views: 29.8ms | ActiveRecord: 0.0ms)
